<?xml version="1.0" encoding="UTF-8"?>
<robot generator="Robot 3.2.2 (Python 3.9.0 on win32)" generated="20201127 22:14:08.457" rpa="false">
<suite id="s1" name="Antenas Robot" source="C:\Users\baota\Desktop\FATEC\Antenas_Sakaue\Antenas_Robot\Antenas_Robot">
<suite id="s1-s1" name="CriarUsuarios" source="C:\Users\baota\Desktop\FATEC\Antenas_Sakaue\Antenas_Robot\Antenas_Robot\CriarUsuarios.robot">
<test id="s1-s1-t1" name="Criar Aluno">
<kw name="Run Keywords" library="BuiltIn" type="setup">
<doc>Executes all the given keywords in a sequence.</doc>
<arguments>
<arg>Open Browser</arg>
<arg>${PROD_URL}</arg>
<arg>${BROWSER}</arg>
<arg>AND</arg>
<arg>Set Selenium Speed</arg>
<arg>${SELSPEED}</arg>
<arg>AND</arg>
<arg>maximize browser window</arg>
</arguments>
<kw name="Open Browser">
<arguments>
<arg>${PROD_URL}</arg>
<arg>${BROWSER}</arg>
</arguments>
<msg timestamp="20201127 22:14:08.583" level="FAIL">No keyword with name 'Open Browser' found.</msg>
<status status="FAIL" starttime="20201127 22:14:08.583" endtime="20201127 22:14:08.583"></status>
</kw>
<status status="FAIL" starttime="20201127 22:14:08.580" endtime="20201127 22:14:08.583"></status>
</kw>
<status status="FAIL" starttime="20201127 22:14:08.579" endtime="20201127 22:14:08.584" critical="yes">Setup failed:
No keyword with name 'Open Browser' found.</status>
</test>
<test id="s1-s1-t2" name="Criar Cadi">
<kw name="Run Keywords" library="BuiltIn" type="setup">
<doc>Executes all the given keywords in a sequence.</doc>
<arguments>
<arg>Open Browser</arg>
<arg>${PROD_URL}</arg>
<arg>${BROWSER}</arg>
<arg>AND</arg>
<arg>Set Selenium Speed</arg>
<arg>${SELSPEED}</arg>
<arg>AND</arg>
<arg>maximize browser window</arg>
</arguments>
<kw name="Open Browser">
<arguments>
<arg>${PROD_URL}</arg>
<arg>${BROWSER}</arg>
</arguments>
<msg timestamp="20201127 22:14:08.588" level="FAIL">No keyword with name 'Open Browser' found.</msg>
<status status="FAIL" starttime="20201127 22:14:08.588" endtime="20201127 22:14:08.588"></status>
</kw>
<status status="FAIL" starttime="20201127 22:14:08.585" endtime="20201127 22:14:08.589"></status>
</kw>
<status status="FAIL" starttime="20201127 22:14:08.584" endtime="20201127 22:14:08.589" critical="yes">Setup failed:
No keyword with name 'Open Browser' found.</status>
</test>
<test id="s1-s1-t3" name="Criar Empresario">
<kw name="Run Keywords" library="BuiltIn" type="setup">
<doc>Executes all the given keywords in a sequence.</doc>
<arguments>
<arg>Open Browser</arg>
<arg>${PROD_URL}</arg>
<arg>${BROWSER}</arg>
<arg>AND</arg>
<arg>Set Selenium Speed</arg>
<arg>${SELSPEED}</arg>
<arg>AND</arg>
<arg>maximize browser window</arg>
</arguments>
<kw name="Open Browser">
<arguments>
<arg>${PROD_URL}</arg>
<arg>${BROWSER}</arg>
</arguments>
<msg timestamp="20201127 22:14:08.596" level="FAIL">No keyword with name 'Open Browser' found.</msg>
<status status="FAIL" starttime="20201127 22:14:08.596" endtime="20201127 22:14:08.597"></status>
</kw>
<status status="FAIL" starttime="20201127 22:14:08.591" endtime="20201127 22:14:08.597"></status>
</kw>
<status status="FAIL" starttime="20201127 22:14:08.590" endtime="20201127 22:14:08.597" critical="yes">Setup failed:
No keyword with name 'Open Browser' found.</status>
</test>
<test id="s1-s1-t4" name="Criar Professor">
<kw name="Run Keywords" library="BuiltIn" type="setup">
<doc>Executes all the given keywords in a sequence.</doc>
<arguments>
<arg>Open Browser</arg>
<arg>${PROD_URL}</arg>
<arg>${BROWSER}</arg>
<arg>AND</arg>
<arg>Set Selenium Speed</arg>
<arg>${SELSPEED}</arg>
<arg>AND</arg>
<arg>maximize browser window</arg>
</arguments>
<kw name="Open Browser">
<arguments>
<arg>${PROD_URL}</arg>
<arg>${BROWSER}</arg>
</arguments>
<msg timestamp="20201127 22:14:08.601" level="FAIL">No keyword with name 'Open Browser' found.</msg>
<status status="FAIL" starttime="20201127 22:14:08.601" endtime="20201127 22:14:08.601"></status>
</kw>
<status status="FAIL" starttime="20201127 22:14:08.599" endtime="20201127 22:14:08.602"></status>
</kw>
<status status="FAIL" starttime="20201127 22:14:08.598" endtime="20201127 22:14:08.602" critical="yes">Setup failed:
No keyword with name 'Open Browser' found.</status>
</test>
<status status="FAIL" starttime="20201127 22:14:08.563" endtime="20201127 22:14:08.603"></status>
</suite>
<status status="FAIL" starttime="20201127 22:14:08.515" endtime="20201127 22:14:08.605"></status>
</suite>
<statistics>
<total>
<stat pass="0" fail="4">Critical Tests</stat>
<stat pass="0" fail="4">All Tests</stat>
</total>
<tag>
</tag>
<suite>
<stat pass="0" fail="4" id="s1" name="Antenas Robot">Antenas Robot</stat>
<stat pass="0" fail="4" id="s1-s1" name="CriarUsuarios">Antenas Robot.CriarUsuarios</stat>
</suite>
</statistics>
<errors>
<msg timestamp="20201127 22:14:08.573" level="ERROR">Error in file 'C:\Users\baota\Desktop\FATEC\Antenas_Sakaue\Antenas_Robot\Antenas_Robot\CriarUsuarios.robot' on line 2: Importing test library 'SeleniumLibrary' failed: ModuleNotFoundError: No module named 'SeleniumLibrary'
Traceback (most recent call last):
  None
PYTHONPATH:
  C:\Users\baota\Desktop\FATEC\Antenas_Sakaue\Antenas_Robot\Antenas_Robot
  C:\Users\baota\AppData\Local\Programs\Python\Python39\python39.zip
  C:\Users\baota\AppData\Local\Programs\Python\Python39\DLLs
  C:\Users\baota\AppData\Local\Programs\Python\Python39\lib
  C:\Users\baota\AppData\Local\Programs\Python\Python39
  C:\Users\baota\AppData\Roaming\Python\Python39\site-packages
  C:\Users\baota\AppData\Local\Programs\Python\Python39\lib\site-packages</msg>
<msg timestamp="20201127 22:14:08.578" level="ERROR">Error in file 'C:\Users\baota\Desktop\FATEC\Antenas_Sakaue\Antenas_Robot\Antenas_Robot\CriarUsuarios.robot' on line 3: Variable file '..\Variables.py' does not exist.</msg>
</errors>
</robot>
